<?xml version="1.0" encoding="UTF-8"?>
<!-- Generated by org.testng.reporters.JUnitReportReporter -->
<testsuite hostname="siva" failures="0" tests="1" name="Test123.ParameterTest" time="0.003" errors="0" timestamp="2024-02-11T19:31:53 IST" skipped="0">
  <testcase classname="Test123.ParameterTest" name="sub" time="0.003"/>
  <system-out/>
</testsuite> <!-- Test123.ParameterTest -->
