<?xml version="1.0" encoding="UTF-8"?>
<!-- Generated by org.testng.reporters.JUnitReportReporter -->
<testsuite hostname="siva" failures="0" tests="1" name="Test123.GooglePage" time="3.279" errors="0" timestamp="2024-02-11T10:26:15 IST" skipped="0">
  <testcase classname="Test123.GooglePage" name="Google" time="3.279"/>
  <system-out/>
</testsuite> <!-- Test123.GooglePage -->
