<?xml version="1.0" encoding="UTF-8"?>
<!-- Generated by org.testng.reporters.JUnitReportReporter -->
<testsuite hostname="siva" failures="0" tests="1" name="Test123.Uploadfile" time="21.213" errors="0" timestamp="2024-02-14T23:01:19 IST" skipped="0">
  <testcase classname="Test123.Uploadfile" name="uploadfile" time="21.213"/>
  <system-out/>
</testsuite> <!-- Test123.Uploadfile -->
