<?xml version="1.0" encoding="UTF-8"?>
<!-- Generated by org.testng.reporters.JUnitReportReporter -->
<testsuite hostname="siva" failures="0" tests="1" name="Test1.MainClass" time="14.283" errors="0" timestamp="2024-02-05T19:57:35 IST" skipped="0">
  <testcase classname="Test1.MainClass" name="testGoogleHome" time="14.283"/>
  <system-out/>
</testsuite> <!-- Test1.MainClass -->
