<?xml version="1.0" encoding="UTF-8"?>
<!-- Generated by org.testng.reporters.JUnitReportReporter -->
<testsuite hostname="siva" failures="0" tests="1" name="Test123.TestBefore" time="0.012" errors="0" timestamp="2024-02-11T19:31:53 IST" skipped="0">
  <testcase classname="Test123.TestBefore" name="add" time="0.012"/>
  <system-out/>
</testsuite> <!-- Test123.TestBefore -->
