<?xml version="1.0" encoding="UTF-8"?>
<!-- Generated by org.testng.reporters.JUnitReportReporter -->
<testsuite hostname="siva" failures="0" tests="3" name="Test123.ParamaterDataProvider" time="4.088" errors="0" timestamp="2024-02-11T21:40:51 IST" skipped="0">
  <testcase classname="Test123.ParamaterDataProvider" name="testmethod" time="2.453"/>
  <system-out/>
  <testcase classname="Test123.ParamaterDataProvider" name="testmethod" time="0.743"/>
  <system-out/>
  <testcase classname="Test123.ParamaterDataProvider" name="testmethod" time="0.892"/>
  <system-out/>
</testsuite> <!-- Test123.ParamaterDataProvider -->
